2024.09.07 19:55:55 INFO  Started: Metals version 1.3.5 in folders 'E:\2nd Year\Semester 1\FC\practicals\session 10' for client Visual Studio Code 1.93.0.
SLF4J(W): Class path contains multiple SLF4J providers.
SLF4J(W): Found provider [scribe.slf4j.ScribeServiceProvider@763b49d2]
SLF4J(W): Found provider [ch.qos.logback.classic.spi.LogbackServiceProvider@6984c206]
SLF4J(W): See https://www.slf4j.org/codes.html#multiple_bindings for an explanation.
SLF4J(I): Actual provider is of type [scribe.slf4j.ScribeServiceProvider@763b49d2]
2024.09.07 19:55:56 WARN  Flyway upgrade recommended: H2 2.3.230 is newer than this version of Flyway and support has not been tested. The latest supported version of H2 is 2.2.220.
2024.09.07 19:55:58 INFO  no build target found for E:\2nd Year\Semester 1\FC\practicals\session 10\q1.scala. Using presentation compiler with project's scala-library version: 3.3.3
2024.09.07 19:55:59 INFO  no build target found for E:\2nd Year\Semester 1\FC\practicals\session 10\q1.scala. Using presentation compiler with project's scala-library version: 3.3.3
2024.09.07 19:56:06 INFO  Running List(C:\Users\User\AppData\Local\Coursier\data\bin\scala-cli.BAT, setup-ide, E:\2nd Year\Semester 1\FC\practicals\session 10)
2024.09.07 19:56:06 INFO  Attempting to connect to the build server...
2024.09.07 19:56:07 INFO  Running BSP server List(C:\Users\User\AppData\Local\Coursier\data\bin\.scala-cli.aux.exe, bsp, --json-options, E:\2nd Year\Semester 1\FC\practicals\session 10\.scala-build\ide-options-v2.json, --json-launcher-options, E:\2nd Year\Semester 1\FC\practicals\session 10\.scala-build\ide-launcher-options.json, --envs-file, E:\2nd Year\Semester 1\FC\practicals\session 10\.scala-build\ide-envs.json, E:\2nd Year\Semester 1\FC\practicals\session 10)
2024.09.07 19:56:07 INFO  tracing is disabled for protocol BSP, to enable tracing of incoming and outgoing JSON messages create an empty file at E:\2nd Year\Semester 1\FC\practicals\session 10\.metals\bsp.trace.json or C:\Users\User\AppData\Local\scalameta\metals\cache\bsp.trace.json
2024.09.07 19:56:10 INFO  BSP server: Starting compilation server
2024.09.07 19:56:24 INFO  time: Connected to build server in 17s
2024.09.07 19:56:24 INFO  Connected to Build server: scala-cli v1.3.2
2024.09.07 19:56:25 INFO  time: Imported build in 0.44s
2024.09.07 19:56:24 INFO  running doctor check
2024.09.07 19:56:24 INFO  java targets: 
2024.09.07 19:56:25 INFO  compiling session 10_f4dd477a3a (5 scala sources)
2024.09.07 19:56:30 WARN  Flyway upgrade recommended: H2 2.3.230 is newer than this version of Flyway and support has not been tested. The latest supported version of H2 is 2.2.220.
2024.09.07 19:56:30 INFO  time: indexed workspace in 6.18s
2024.09.07 19:56:31 WARN  no build target for: E:\2nd Year\Semester 1\FC\practicals\session 10\q1.scala
2024.09.07 19:56:31 INFO  no build target found for E:\2nd Year\Semester 1\FC\practicals\session 10\q1.scala. Using presentation compiler with project's scala-library version: 3.3.3
2024.09.07 19:56:30 INFO  no build target found for E:\2nd Year\Semester 1\FC\practicals\session 10\q1.scala. Using presentation compiler with project's scala-library version: 3.3.3
2024.09.07 19:56:47 INFO  no build target found for E:\2nd Year\Semester 1\FC\practicals\session 10\q1.scala. Using presentation compiler with project's scala-library version: 3.3.3
2024.09.07 19:57:14 INFO  no build target found for E:\2nd Year\Semester 1\FC\practicals\session 10\q1.scala. Using presentation compiler with project's scala-library version: 3.3.3
2024.09.07 19:57:14 INFO  no build target found for E:\2nd Year\Semester 1\FC\practicals\session 10\q2.scala. Using presentation compiler with project's scala-library version: 3.3.3
2024.09.07 19:57:15 INFO  no build target found for E:\2nd Year\Semester 1\FC\practicals\session 10\q2.scala. Using presentation compiler with project's scala-library version: 3.3.3
2024.09.07 19:57:50 INFO  no build target found for E:\2nd Year\Semester 1\FC\practicals\session 10\q2.scala. Using presentation compiler with project's scala-library version: 3.3.3
2024.09.07 19:58:01 INFO  no build target found for E:\2nd Year\Semester 1\FC\practicals\session 10\q2.scala. Using presentation compiler with project's scala-library version: 3.3.3
2024.09.07 19:58:01 INFO  no build target found for E:\2nd Year\Semester 1\FC\practicals\session 10\q2.scala. Using presentation compiler with project's scala-library version: 3.3.3
2024.09.07 19:58:02 WARN  no build target for: E:\2nd Year\Semester 1\FC\practicals\session 10\q2.scala
2024.09.07 19:58:02 INFO  no build target found for E:\2nd Year\Semester 1\FC\practicals\session 10\q2.scala. Using presentation compiler with project's scala-library version: 3.3.3
2024.09.07 19:58:03 INFO  no build target found for E:\2nd Year\Semester 1\FC\practicals\session 10\q2.scala. Using presentation compiler with project's scala-library version: 3.3.3
2024.09.07 19:58:03 INFO  no build target found for E:\2nd Year\Semester 1\FC\practicals\session 10\q2.scala. Using presentation compiler with project's scala-library version: 3.3.3
2024.09.07 19:58:04 INFO  no build target found for E:\2nd Year\Semester 1\FC\practicals\session 10\q2.scala. Using presentation compiler with project's scala-library version: 3.3.3
2024.09.07 19:58:04 WARN  no build target for: E:\2nd Year\Semester 1\FC\practicals\session 10\q2.scala
2024.09.07 19:58:04 INFO  no build target found for E:\2nd Year\Semester 1\FC\practicals\session 10\q2.scala. Using presentation compiler with project's scala-library version: 3.3.3
2024.09.07 19:58:10 INFO  no build target found for E:\2nd Year\Semester 1\FC\practicals\session 10\q2.scala. Using presentation compiler with project's scala-library version: 3.3.3
2024.09.07 19:58:10 INFO  no build target found for E:\2nd Year\Semester 1\FC\practicals\session 10\q2.scala. Using presentation compiler with project's scala-library version: 3.3.3
2024.09.07 19:58:10 INFO  no build target found for E:\2nd Year\Semester 1\FC\practicals\session 10\q2.scala. Using presentation compiler with project's scala-library version: 3.3.3
2024.09.07 19:58:11 WARN  no build target for: E:\2nd Year\Semester 1\FC\practicals\session 10\q2.scala
2024.09.07 19:58:11 INFO  no build target found for E:\2nd Year\Semester 1\FC\practicals\session 10\q2.scala. Using presentation compiler with project's scala-library version: 3.3.3
2024.09.07 19:58:13 INFO  no build target found for E:\2nd Year\Semester 1\FC\practicals\session 10\q2.scala. Using presentation compiler with project's scala-library version: 3.3.3
2024.09.07 19:58:13 INFO  no build target found for E:\2nd Year\Semester 1\FC\practicals\session 10\q2.scala. Using presentation compiler with project's scala-library version: 3.3.3
2024.09.07 19:58:13 INFO  no build target found for E:\2nd Year\Semester 1\FC\practicals\session 10\q2.scala. Using presentation compiler with project's scala-library version: 3.3.3
2024.09.07 19:58:14 WARN  no build target for: E:\2nd Year\Semester 1\FC\practicals\session 10\q2.scala
2024.09.07 19:58:13 INFO  no build target found for E:\2nd Year\Semester 1\FC\practicals\session 10\q2.scala. Using presentation compiler with project's scala-library version: 3.3.3
2024.09.07 19:58:15 INFO  no build target found for E:\2nd Year\Semester 1\FC\practicals\session 10\q2.scala. Using presentation compiler with project's scala-library version: 3.3.3
2024.09.07 19:58:15 INFO  no build target found for E:\2nd Year\Semester 1\FC\practicals\session 10\q2.scala. Using presentation compiler with project's scala-library version: 3.3.3
2024.09.07 19:58:15 INFO  no build target found for E:\2nd Year\Semester 1\FC\practicals\session 10\q2.scala. Using presentation compiler with project's scala-library version: 3.3.3
2024.09.07 19:58:16 WARN  no build target for: E:\2nd Year\Semester 1\FC\practicals\session 10\q2.scala
2024.09.07 19:58:16 INFO  no build target found for E:\2nd Year\Semester 1\FC\practicals\session 10\q2.scala. Using presentation compiler with project's scala-library version: 3.3.3
2024.09.07 19:58:16 INFO  no build target found for E:\2nd Year\Semester 1\FC\practicals\session 10\q2.scala. Using presentation compiler with project's scala-library version: 3.3.3
2024.09.07 19:58:28 INFO  no build target found for E:\2nd Year\Semester 1\FC\practicals\session 10\q2.scala. Using presentation compiler with project's scala-library version: 3.3.3
2024.09.07 19:58:31 INFO  no build target found for E:\2nd Year\Semester 1\FC\practicals\session 10\q3.scala. Using presentation compiler with project's scala-library version: 3.3.3
2024.09.07 19:58:31 INFO  no build target found for E:\2nd Year\Semester 1\FC\practicals\session 10\q3.scala. Using presentation compiler with project's scala-library version: 3.3.3
2024.09.07 19:58:32 INFO  no build target found for E:\2nd Year\Semester 1\FC\practicals\session 10\q3.scala. Using presentation compiler with project's scala-library version: 3.3.3
2024.09.07 19:58:33 INFO  no build target found for E:\2nd Year\Semester 1\FC\practicals\session 10\q2.scala. Using presentation compiler with project's scala-library version: 3.3.3
Sep 07, 2024 8:07:22 PM org.eclipse.lsp4j.jsonrpc.services.GenericEndpoint notify
INFO: Unsupported notification method: $/setTrace
2024.09.07 20:08:22 INFO  no build target found for E:\2nd Year\Semester 1\FC\practicals\session 10\q3.scala. Using presentation compiler with project's scala-library version: 3.3.3
2024.09.07 20:09:14 INFO  no build target found for E:\2nd Year\Semester 1\FC\practicals\session 10\q3.scala. Using presentation compiler with project's scala-library version: 3.3.3
Sep 07, 2024 8:09:14 PM org.eclipse.lsp4j.jsonrpc.RemoteEndpoint handleCancellation
WARNING: Unmatched cancel notification for request id 136
2024.09.07 20:09:15 INFO  no build target found for E:\2nd Year\Semester 1\FC\practicals\session 10\q3.scala. Using presentation compiler with project's scala-library version: 3.3.3
2024.09.07 20:09:23 INFO  no build target found for E:\2nd Year\Semester 1\FC\practicals\session 10\q3.scala. Using presentation compiler with project's scala-library version: 3.3.3
Sep 07, 2024 8:10:12 PM org.eclipse.lsp4j.jsonrpc.services.GenericEndpoint notify
INFO: Unsupported notification method: $/setTrace
2024.09.07 20:10:13 INFO  time: Imported build in 0.66s
2024.09.07 20:10:13 INFO  running doctor check
2024.09.07 20:10:13 INFO  java targets: 
2024.09.07 20:10:14 INFO  compiling session 10_f4dd477a3a (5 scala sources)
2024.09.07 20:10:17 INFO  no build target found for e:\2nd Year\Semester 1\FC\practicals\session 10\q3.scala. Using presentation compiler with project's scala-library version: 3.3.3
2024.09.07 20:10:18 INFO  Shutting down server
2024.09.07 20:10:18 INFO  shutting down Metals
2024.09.07 20:10:18 INFO  Shut down connection with build server.
2024.09.07 20:10:18 INFO  Exiting server
